2009-11-16 14:42:53 Debug: Notice (8): Undefined variable: line_codes in [APP\views\show\admin_index.ctp, line 6]
2009-11-16 21:40:46 Debug: Notice (8): Undefined property:  ShowController::$Datasource in [APP\controllers\show_controller.php, line 14]
2009-11-16 21:41:10 Debug: Notice (8): Undefined property:  ShowController::$Datasource in [APP\controllers\show_controller.php, line 14]
2009-11-16 21:49:39 Debug: Notice (8): Undefined property:  ShowController::$Datasource in [APP\controllers\show_controller.php, line 14]
2009-11-16 22:52:05 Debug: Notice (8): Undefined variable: lines_codes in [APP\views\show\admin_index.ctp, line 2]
2009-11-16 22:52:05 Debug: Notice (8): Undefined variable: lines_codes in [APP\views\show\admin_index.ctp, line 7]
2009-11-16 22:52:53 Debug: Notice (8): Undefined property:  ShowController::$Datasource in [APP\controllers\show_controller.php, line 16]
2009-11-16 22:53:10 Debug: Notice (8): Undefined variable: lines_codes in [APP\views\show\admin_index.ctp, line 2]
2009-11-16 22:53:10 Debug: Notice (8): Undefined variable: lines_codes in [APP\views\show\admin_index.ctp, line 7]
2009-11-16 22:53:26 Debug: Notice (8): Undefined variable: lines_codes in [APP\views\show\admin_index.ctp, line 2]
2009-11-16 22:53:26 Debug: Notice (8): Undefined variable: lines_codes in [APP\views\show\admin_index.ctp, line 7]
2009-11-16 22:53:48 Debug: Notice (8): Undefined index:  linecode in [APP\views\show\admin_index.ctp, line 8]
2009-11-17 01:38:45 Debug: Notice (8): Undefined variable: paginator in [APP\views\sheets\admin_index.ctp, line 11]
2009-11-17 01:41:27 Debug: Notice (8): Undefined variable: paginator in [APP\views\sheets\admin_index.ctp, line 11]
2009-11-17 12:30:41 Debug: Notice (8): Undefined index:  Stations in [APP\views\stations\admin_index.ctp, line 15]
2009-11-17 12:30:41 Debug: Notice (8): Undefined index:  Stations in [APP\views\stations\admin_index.ctp, line 16]
2009-11-17 12:30:41 Debug: Notice (8): Undefined index:  Stations in [APP\views\stations\admin_index.ctp, line 17]
2009-11-17 12:30:41 Debug: Notice (8): Undefined index:  Stations in [APP\views\stations\admin_index.ctp, line 18]
2009-11-17 12:31:10 Debug: Notice (8): Undefined index:  Stations in [APP\views\stations\admin_index.ctp, line 15]
2009-11-17 12:31:10 Debug: Notice (8): Undefined index:  Stations in [APP\views\stations\admin_index.ctp, line 16]
2009-11-17 12:31:10 Debug: Notice (8): Undefined index:  Stations in [APP\views\stations\admin_index.ctp, line 17]
2009-11-17 12:31:10 Debug: Notice (8): Undefined index:  Stations in [APP\views\stations\admin_index.ctp, line 18]
2009-11-17 12:31:54 Debug: Notice (8): Undefined index:  Stations in [APP\views\stations\admin_index.ctp, line 16]
2009-11-17 12:31:54 Debug: Notice (8): Undefined index:  Stations in [APP\views\stations\admin_index.ctp, line 17]
2009-11-17 12:31:54 Debug: Notice (8): Undefined index:  Stations in [APP\views\stations\admin_index.ctp, line 18]
2009-11-17 12:31:54 Debug: Notice (8): Undefined index:  Stations in [APP\views\stations\admin_index.ctp, line 19]
2009-11-17 12:32:35 Debug: Notice (8): Undefined index:  Stations in [APP\views\stations\admin_index.ctp, line 16]
2009-11-17 12:32:35 Debug: Notice (8): Undefined index:  Stations in [APP\views\stations\admin_index.ctp, line 17]
2009-11-17 12:32:35 Debug: Notice (8): Undefined index:  Stations in [APP\views\stations\admin_index.ctp, line 18]
2009-11-17 12:32:35 Debug: Notice (8): Undefined index:  Stations in [APP\views\stations\admin_index.ctp, line 19]
2009-11-17 12:33:03 Debug: Notice (8): Undefined index:  created in [APP\views\stations\admin_index.ctp, line 18]
2009-11-17 12:33:03 Debug: Notice (8): Undefined index:  modified in [APP\views\stations\admin_index.ctp, line 19]
2009-11-17 12:33:17 Debug: Notice (8): Undefined index:  created in [APP\views\stations\admin_index.ctp, line 17]
2009-11-17 12:33:17 Debug: Notice (8): Undefined index:  modified in [APP\views\stations\admin_index.ctp, line 18]
2009-11-17 12:34:34 Debug: Notice (8): Undefined index:  created in [APP\views\stations\admin_index.ctp, line 17]
2009-11-17 12:34:34 Debug: Notice (8): Undefined index:  modified in [APP\views\stations\admin_index.ctp, line 18]
2009-11-17 12:34:36 Debug: Notice (8): Undefined index:  created in [APP\views\stations\admin_index.ctp, line 17]
2009-11-17 12:34:36 Debug: Notice (8): Undefined index:  modified in [APP\views\stations\admin_index.ctp, line 18]
2009-11-17 12:34:38 Debug: Notice (8): Undefined index:  created in [APP\views\stations\admin_index.ctp, line 17]
2009-11-17 12:34:38 Debug: Notice (8): Undefined index:  modified in [APP\views\stations\admin_index.ctp, line 18]
2009-11-17 12:34:43 Debug: Notice (8): Undefined index:  created in [APP\views\stations\admin_index.ctp, line 17]
2009-11-17 12:34:43 Debug: Notice (8): Undefined index:  modified in [APP\views\stations\admin_index.ctp, line 18]
2009-11-17 12:34:43 Debug: Notice (8): Undefined index:  created in [APP\views\stations\admin_index.ctp, line 17]
2009-11-17 12:34:43 Debug: Notice (8): Undefined index:  modified in [APP\views\stations\admin_index.ctp, line 18]
2009-11-17 12:34:47 Debug: Notice (8): Undefined index:  created in [APP\views\stations\admin_index.ctp, line 17]
2009-11-17 12:34:47 Debug: Notice (8): Undefined index:  modified in [APP\views\stations\admin_index.ctp, line 18]
2009-11-17 12:42:32 Debug: Notice (8): Undefined property:  ParcerController::$datasource in [APP\controllers\parcer_controller.php, line 14]
2009-11-17 12:43:19 Debug: Notice (8): Undefined property:  ParcerController::$datasource in [APP\controllers\parcer_controller.php, line 14]
2009-11-17 13:38:02 Debug: Notice (8): Undefined variable: linecode in [APP\views\show\admin_index.ctp, line 5]
2009-11-17 13:38:02 Debug: Notice (8): Undefined index:  line_code in [APP\views\show\admin_index.ctp, line 6]
2009-11-17 13:38:18 Debug: Notice (8): Undefined index:  line_code in [APP\views\show\admin_index.ctp, line 6]
2009-11-17 13:38:54 Debug: Notice (8): Undefined variable: sheet_list in [APP\views\sheets\admin_index.ctp, line 11]
2009-11-17 20:57:38 Debug: Notice (8): Undefined index:  line_url in [APP\models\Pager.php, line 12]
2009-11-17 20:57:51 Debug: Notice (8): Undefined index:  line_url in [APP\models\Pager.php, line 13]
2009-11-18 01:00:31 Debug: Notice (8): unserialize() [<a href='http://php.net/function.unserialize'>function.unserialize</a>]: Error at offset 0 of 5502 bytes in [APP\controllers\parcer_controller.php, line 30]
2009-11-18 01:00:31 Debug: Notice (8): Undefined variable: station_codes in [APP\models\Station.php, line 18]
2009-11-18 01:02:58 Debug: Notice (8): Use of undefined constant save_report - assumed 'save_report' in [APP\views\parcer\admin_importstations.ctp, line 3]
2009-11-18 01:05:02 Debug: Notice (8): Undefined index:  name in [APP\models\Station.php, line 35]
2009-11-18 02:41:42 Debug: Notice (8): Undefined variable: save_report in [APP\views\parcer\admin_importtimes.ctp, line 3]
2009-11-19 01:07:25 Debug: Notice (8): Array to string conversion in [CORE\cake\libs\model\datasources\dbo_source.php, line 1689]
2009-11-19 01:07:25 Debug: Notice (8): Array to string conversion in [CORE\cake\libs\model\datasources\dbo_source.php, line 1693]
2009-11-19 01:07:25 Debug: Notice (8): Array to string conversion in [CORE\cake\libs\model\datasources\dbo_source.php, line 1697]
2009-11-19 01:07:25 Debug: Notice (8): Array to string conversion in [CORE\cake\libs\model\datasources\dbo_source.php, line 1698]
2009-11-19 01:16:49 Debug: Notice (8): Undefined property:  Train::$deleteAll in [APP\models\Parcer.php, line 30]
2009-11-19 01:16:49 Debug: Notice (8): Undefined variable: data in [APP\models\Parcer.php, line 31]
2009-11-19 01:24:14 Debug: Notice (8): Undefined property:  Train::$UseTable in [APP\models\Parcer.php, line 30]
2009-11-19 01:42:38 Debug: Notice (8): Undefined variable: Pager_model in [APP\models\Parcer.php, line 45]
2009-11-19 01:42:54 Debug: Notice (8): Undefined variable: Pager_model in [APP\models\Parcer.php, line 45]
2009-11-19 01:43:18 Debug: Notice (8): Undefined index:  Station in [APP\models\Pager.php, line 16]
2009-11-19 01:43:48 Debug: Notice (8): Undefined index:  Station in [APP\models\Pager.php, line 17]
2009-11-19 14:05:48 Debug: Notice (8): Undefined index:  ext_code in [APP\models\Pager.php, line 16]
2009-11-19 14:05:48 Debug: Notice (8): Undefined index:  id in [APP\models\Parcer.php, line 55]
2009-11-19 14:05:48 Debug: Notice (8): Undefined offset:  0 in [APP\models\Parcer.php, line 66]
2009-11-19 14:05:48 Debug: Notice (8): Undefined variable: trains in [APP\models\Parcer.php, line 84]
2009-11-19 14:07:01 Debug: Notice (8): Undefined index:  ext_code in [APP\models\Pager.php, line 16]
2009-11-19 14:07:01 Debug: Notice (8): Undefined index:  id in [APP\models\Parcer.php, line 55]
2009-11-19 14:07:01 Debug: Notice (8): Undefined offset:  0 in [APP\models\Parcer.php, line 66]
2009-11-19 14:07:01 Debug: Notice (8): Undefined variable: trains in [APP\models\Parcer.php, line 84]
2009-11-19 14:08:02 Debug: Notice (8): Undefined index:  ext_code in [APP\models\Pager.php, line 16]
2009-11-19 14:08:02 Debug: Notice (8): Undefined index:  id in [APP\models\Parcer.php, line 56]
2009-11-19 14:08:02 Debug: Notice (8): Undefined offset:  0 in [APP\models\Parcer.php, line 67]
2009-11-19 14:08:02 Debug: Notice (8): Undefined variable: trains in [APP\models\Parcer.php, line 85]
2009-11-19 14:08:46 Debug: Notice (8): Undefined index:  ext_code in [APP\models\Pager.php, line 16]
2009-11-19 14:08:46 Debug: Notice (8): Undefined index:  ext_code in [APP\models\Pager.php, line 17]
2009-11-19 14:08:46 Debug: Notice (8): Undefined index:  id in [APP\models\Parcer.php, line 56]
2009-11-19 14:08:46 Debug: Notice (8): Undefined offset:  0 in [APP\models\Parcer.php, line 67]
2009-11-19 14:08:46 Debug: Notice (8): Undefined variable: trains in [APP\models\Parcer.php, line 85]
2009-11-19 14:09:01 Debug: Notice (8): Undefined index:  ext_code in [APP\models\Pager.php, line 17]
2009-11-19 14:09:01 Debug: Notice (8): Undefined index:  id in [APP\models\Parcer.php, line 56]
2009-11-19 14:09:01 Debug: Notice (8): Undefined offset:  0 in [APP\models\Parcer.php, line 67]
2009-11-19 14:09:01 Debug: Notice (8): Undefined variable: trains in [APP\models\Parcer.php, line 85]
2009-11-19 14:09:13 Debug: Notice (8): Undefined index:  ext_code in [APP\models\Pager.php, line 16]
2009-11-19 14:09:13 Debug: Notice (8): Undefined index:  ext_code in [APP\models\Pager.php, line 17]
2009-11-19 14:09:13 Debug: Notice (8): Undefined index:  id in [APP\models\Parcer.php, line 56]
2009-11-19 14:09:14 Debug: Notice (8): Undefined offset:  0 in [APP\models\Parcer.php, line 67]
2009-11-19 14:09:14 Debug: Notice (8): Undefined variable: trains in [APP\models\Parcer.php, line 85]
2009-11-19 14:14:50 Debug: Notice (8): Undefined index:  ext_code in [APP\models\Pager.php, line 17]
2009-11-19 14:14:50 Debug: Notice (8): Undefined index:  id in [APP\models\Parcer.php, line 57]
2009-11-19 14:14:50 Debug: Notice (8): Undefined offset:  0 in [APP\models\Parcer.php, line 68]
2009-11-19 14:14:50 Debug: Notice (8): Undefined variable: trains in [APP\models\Parcer.php, line 86]
2009-11-19 14:15:16 Debug: Notice (8): Undefined index:  ext_code in [APP\models\Pager.php, line 17]
2009-11-19 14:15:16 Debug: Notice (8): Undefined index:  id in [APP\models\Parcer.php, line 57]
2009-11-19 14:15:16 Debug: Notice (8): Undefined offset:  0 in [APP\models\Parcer.php, line 68]
2009-11-19 14:15:16 Debug: Notice (8): Undefined variable: trains in [APP\models\Parcer.php, line 86]
2009-11-19 15:00:02 Debug: Notice (8): Undefined index:  id in [APP\models\Parcer.php, line 57]
2009-11-19 18:06:53 Debug: Notice (8): Undefined offset:  0 in [APP\models\Parcer.php, line 6]
2009-11-19 18:06:53 Debug: Notice (8): Undefined variable: stations in [APP\models\Parcer.php, line 18]
2009-11-19 18:06:53 Debug: Notice (8): Undefined variable: station_codes in [APP\models\Station.php, line 18]
2009-11-19 18:06:53 Debug: Notice (8): Undefined variable: results in [APP\models\Station.php, line 37]
2009-11-19 18:06:57 Debug: Notice (8): Undefined offset:  0 in [APP\models\Parcer.php, line 6]
2009-11-19 18:06:57 Debug: Notice (8): Undefined variable: stations in [APP\models\Parcer.php, line 18]
2009-11-19 18:06:57 Debug: Notice (8): Undefined variable: station_codes in [APP\models\Station.php, line 18]
2009-11-19 18:06:57 Debug: Notice (8): Undefined variable: results in [APP\models\Station.php, line 37]
2009-11-19 19:37:32 Debug: Notice (8): Undefined offset:  0 in [APP\models\Parcer.php, line 71]
2009-11-19 19:37:32 Debug: Notice (8): Undefined variable: trains in [APP\models\Parcer.php, line 89]
2009-11-19 23:04:11 Debug: Notice (8): Undefined offset:  0 in [APP\models\Parcer.php, line 73]
2009-11-19 23:04:11 Debug: Notice (8): Undefined variable: trains in [APP\models\Parcer.php, line 91]
2009-11-19 23:04:19 Debug: Notice (8): Undefined offset:  0 in [APP\models\Parcer.php, line 73]
2009-11-19 23:04:19 Debug: Notice (8): Undefined variable: trains in [APP\models\Parcer.php, line 91]
2009-11-21 14:16:31 Debug: Notice (8): Undefined variable: local in [APP\controllers\parcer_controller.php, line 37]
2009-11-21 14:33:16 Debug: Notice (8): Undefined offset:  0 in [APP\models\Parcer.php, line 77]
2009-11-21 14:33:16 Debug: Notice (8): Undefined variable: trains in [APP\models\Parcer.php, line 95]
2009-11-21 14:44:03 Debug: Notice (8): Undefined index:  Train in [APP\models\Train.php, line 117]
2009-11-21 14:44:21 Debug: Notice (8): Undefined index:  Train in [APP\models\Train.php, line 118]
2009-11-21 15:01:11 Debug: Notice (8): Undefined index:  external_code in [APP\models\Train.php, line 29]
2009-11-21 15:01:11 Debug: Notice (8): Undefined index:  dep in [APP\models\Train.php, line 32]
2009-11-21 15:25:24 Debug: Notice (8): Undefined index:  dep in [APP\models\Train.php, line 145]
2009-11-21 15:25:24 Debug: Notice (8): Undefined index:  dep in [APP\models\Train.php, line 146]
2009-11-21 15:25:24 Debug: Notice (8): Undefined index:  dep in [APP\models\Train.php, line 147]
2009-11-21 15:25:24 Debug: Notice (8): Undefined index:  dep_real in [APP\models\Train.php, line 147]
2009-11-21 15:25:24 Debug: Notice (8): Undefined index:  dep in [APP\models\Train.php, line 148]
2009-11-21 15:25:24 Debug: Notice (8): Undefined index:  dep in [APP\models\Train.php, line 155]
2009-11-21 15:27:38 Debug: Notice (8): Undefined index:  dep in [APP\models\Train.php, line 158]
2009-11-21 15:28:03 Debug: Notice (8): Undefined index:  dep in [APP\models\Train.php, line 158]
2009-11-21 15:28:33 Debug: Notice (8): Undefined index:  dep in [APP\models\Train.php, line 159]
2009-11-21 15:29:09 Debug: Notice (8): Use of undefined constant dep - assumed 'dep' in [APP\models\Train.php, line 148]
2009-11-21 15:29:09 Debug: Notice (8): Use of undefined constant Pass - assumed 'Pass' in [APP\models\Train.php, line 148]
2009-11-21 15:29:09 Debug: Notice (8): Use of undefined constant dep_real - assumed 'dep_real' in [APP\models\Train.php, line 148]
2009-11-21 15:29:09 Debug: Notice (8): Undefined index:  dep in [APP\models\Train.php, line 159]
2009-11-21 15:29:30 Debug: Notice (8): Undefined index:  dep in [APP\models\Train.php, line 159]
2009-11-21 15:29:59 Debug: Notice (8): Undefined variable: row in [APP\models\Train.php, line 175]
2009-11-21 16:52:47 Debug: Notice (8): Undefined variable: pass_model in [APP\models\Train.php, line 176]
2009-11-21 16:52:47 Debug: Notice (8): Trying to get property of non-object in [APP\models\Train.php, line 176]
2009-11-21 20:16:29 Debug: Notice (8): Undefined offset:  0 in [APP\models\Parcer.php, line 9]
2009-11-21 20:16:29 Debug: Notice (8): Undefined variable: stations in [APP\models\Parcer.php, line 21]
2009-11-21 20:16:29 Debug: Notice (8): Undefined variable: station_codes in [APP\models\Station.php, line 18]
2009-11-21 20:16:29 Debug: Notice (8): Undefined variable: results in [APP\models\Station.php, line 37]
2009-11-21 20:16:33 Debug: Notice (8): Undefined offset:  0 in [APP\models\Parcer.php, line 9]
2009-11-21 20:16:33 Debug: Notice (8): Undefined variable: stations in [APP\models\Parcer.php, line 21]
2009-11-21 20:16:33 Debug: Notice (8): Undefined variable: station_codes in [APP\models\Station.php, line 18]
2009-11-21 20:16:33 Debug: Notice (8): Undefined variable: results in [APP\models\Station.php, line 37]
2009-11-21 20:22:07 Debug: Notice (8): Undefined variable: sheet_list in [APP\views\sheets\admin_index.ctp, line 11]
2009-11-21 20:22:12 Debug: Notice (8): Undefined variable: sheet_list in [APP\views\sheets\admin_index.ctp, line 11]
2009-11-21 20:23:56 Debug: Notice (8): Undefined variable: sheet_list in [APP\views\sheets\admin_index.ctp, line 11]
2009-11-21 20:24:14 Debug: Notice (8): Undefined variable: sheet_list in [APP\views\sheets\admin_index.ctp, line 11]
2009-11-21 20:24:36 Debug: Notice (8): Undefined variable: sheet_list in [APP\views\sheets\admin_index.ctp, line 11]
2009-11-21 20:43:48 Debug: Notice (8): Undefined index:  Sheet in [APP\views\show\admin_index.ctp, line 21]
2009-11-21 20:44:17 Debug: Notice (8): Undefined index:  Sheet in [APP\views\show\admin_index.ctp, line 24]
2009-11-21 21:42:55 Debug: Notice (8): Undefined variable: Parcer in [APP\controllers\parcer_controller.php, line 54]
2009-11-21 21:43:19 Debug: Notice (8): Undefined variable: Parcer in [APP\controllers\parcer_controller.php, line 54]
2009-11-21 21:43:43 Debug: Notice (8): Undefined variable: sheet in [APP\models\Parcer.php, line 130]
2009-11-21 22:01:47 Debug: Notice (8): Undefined index:  Stations in [APP\models\Parcer.php, line 136]
2009-11-21 22:02:41 Debug: Notice (8): Undefined index:  Stations in [APP\models\Parcer.php, line 136]
2009-11-22 00:52:19 Debug: Notice (8): Undefined variable: train in [APP\models\Parcer.php, line 146]
2009-11-22 00:52:19 Debug: Notice (8): Undefined variable: out in [APP\models\Parcer.php, line 282]
2009-11-23 14:16:27 Debug: Notice (8): Undefined variable: sheet_list in [APP\views\sheets\show.ctp, line 14]
2009-11-23 14:26:56 Debug: Notice (8): Undefined index:  created in [APP\views\sheets\show.ctp, line 9]
2009-11-23 14:30:50 Debug: Notice (8): Undefined variable: paginator in [APP\views\sheets\show.ctp, line 16]
2009-11-23 14:34:06 Debug: Notice (8): Undefined variable: sheet_id in [APP\controllers\sheets_controller.php, line 36]
2009-11-23 14:34:06 Debug: Notice (8): Undefined variable: sheet_id in [APP\controllers\sheets_controller.php, line 40]
2009-11-23 14:34:21 Debug: Notice (8): Undefined variable: sheet_id in [APP\controllers\sheets_controller.php, line 36]
2009-11-23 14:34:21 Debug: Notice (8): Undefined variable: sheet_id in [APP\controllers\sheets_controller.php, line 40]
2009-11-23 14:44:28 Debug: Notice (8): Undefined variable: sheet_id in [APP\controllers\sheets_controller.php, line 40]
2009-11-23 14:44:28 Debug: Notice (8): Undefined variable: sheet_id in [APP\controllers\sheets_controller.php, line 44]
2009-11-23 14:44:50 Debug: Notice (8): Undefined variable: sheet_id in [APP\controllers\sheets_controller.php, line 40]
2009-11-23 14:44:50 Debug: Notice (8): Undefined variable: sheet_id in [APP\controllers\sheets_controller.php, line 44]
2009-11-23 15:02:54 Debug: Notice (8): Undefined variable: sheet_id in [APP\controllers\parcer_controller.php, line 54]
2009-11-23 15:02:57 Debug: Notice (8): Undefined variable: sheet_id in [APP\controllers\parcer_controller.php, line 54]
2009-11-23 15:11:27 Debug: Notice (8): Undefined variable: sheet_id in [APP\controllers\sheets_controller.php, line 40]
2009-11-23 15:11:27 Debug: Notice (8): Undefined variable: sheet_id in [APP\controllers\sheets_controller.php, line 44]
2009-11-23 15:11:41 Debug: Notice (8): Undefined variable: sheet_id in [APP\controllers\sheets_controller.php, line 40]
2009-11-23 15:11:41 Debug: Notice (8): Undefined variable: sheet_id in [APP\controllers\sheets_controller.php, line 44]
2009-11-23 15:23:43 Debug: Notice (8): Undefined index:  data in [APP\controllers\sheets_controller.php, line 63]
2009-11-23 15:32:48 Debug: Notice (8): Undefined index:  Sheet in [APP\views\sheets\show_html.ctp, line 40]
2009-11-23 15:32:48 Debug: Notice (8): Undefined index:  Sheet in [APP\views\sheets\show_html.ctp, line 42]
2009-11-23 15:32:48 Debug: Notice (8): Undefined variable: sheet_data in [APP\views\sheets\show_html.ctp, line 69]
2009-11-23 15:34:24 Debug: Notice (8): Undefined index:  Trains in [APP\controllers\sheets_controller.php, line 65]
2009-11-23 15:34:24 Debug: Notice (8): Undefined index:  Stations in [APP\controllers\sheets_controller.php, line 66]
2009-11-23 15:34:24 Debug: Notice (8): Undefined index:  Sheet in [APP\controllers\sheets_controller.php, line 67]
2009-11-23 15:34:24 Debug: Notice (8): Undefined variable: sheet in [APP\views\sheets\show_html.ctp, line 4]
2009-11-23 15:34:24 Debug: Notice (8): Undefined variable: calculation_data in [APP\views\sheets\show_html.ctp, line 40]
2009-11-23 15:34:24 Debug: Notice (8): Undefined variable: calculation_data in [APP\views\sheets\show_html.ctp, line 42]
2009-11-23 15:34:24 Debug: Notice (8): Undefined variable: sheet_data in [APP\views\sheets\show_html.ctp, line 69]
2009-11-23 15:34:35 Debug: Notice (8): Undefined index:  Trains in [APP\controllers\sheets_controller.php, line 65]
2009-11-23 15:34:35 Debug: Notice (8): Undefined index:  Stations in [APP\controllers\sheets_controller.php, line 66]
2009-11-23 15:34:35 Debug: Notice (8): Undefined index:  Sheet in [APP\controllers\sheets_controller.php, line 67]
2009-11-23 15:34:35 Debug: Notice (8): Undefined variable: calculation_data in [APP\views\sheets\show_html.ctp, line 40]
2009-11-23 15:34:35 Debug: Notice (8): Undefined variable: calculation_data in [APP\views\sheets\show_html.ctp, line 42]
2009-11-23 15:34:35 Debug: Notice (8): Undefined variable: sheet_data in [APP\views\sheets\show_html.ctp, line 69]
2009-11-23 15:35:00 Debug: Notice (8): Undefined variable: calculation_data in [APP\views\sheets\show_html.ctp, line 40]
2009-11-23 15:35:00 Debug: Notice (8): Undefined variable: calculation_data in [APP\views\sheets\show_html.ctp, line 42]
2009-11-23 15:35:00 Debug: Notice (8): Undefined variable: sheet_data in [APP\views\sheets\show_html.ctp, line 69]
2009-11-23 15:35:25 Debug: Notice (8): Undefined variable: calculation_data in [APP\views\sheets\show_html.ctp, line 42]
2009-11-23 15:35:25 Debug: Notice (8): Undefined variable: sheet_data in [APP\views\sheets\show_html.ctp, line 69]
2009-11-23 15:35:36 Debug: Notice (8): Undefined index:  name in [APP\views\sheets\show_html.ctp, line 40]
2009-11-23 15:35:36 Debug: Notice (8): Undefined variable: calculation_data in [APP\views\sheets\show_html.ctp, line 42]
2009-11-23 15:35:36 Debug: Notice (8): Undefined variable: sheet_data in [APP\views\sheets\show_html.ctp, line 69]
2009-11-23 15:36:28 Debug: Notice (8): Undefined variable: calculation_data in [APP\views\sheets\show_html.ctp, line 42]
2009-11-23 15:36:28 Debug: Notice (8): Undefined variable: sheet_data in [APP\views\sheets\show_html.ctp, line 69]
2009-11-23 15:37:16 Debug: Notice (8): Undefined variable: sheet_data in [APP\views\sheets\show_html.ctp, line 69]
2009-11-23 15:41:26 Debug: Notice (8): Undefined index:  stations in [APP\views\sheets\show_html.ctp, line 102]
2009-11-23 15:42:41 Debug: Notice (8): Undefined index:  Station in [APP\views\sheets\show_html.ctp, line 105]
2009-11-23 15:42:41 Debug: Notice (8): Undefined index:  stations in [APP\views\sheets\show_html.ctp, line 105]
2009-11-23 15:42:41 Debug: Notice (8): Undefined index:  pass in [APP\views\sheets\show_html.ctp, line 109]
2009-11-23 15:42:41 Debug: Notice (8): Undefined index:  stations in [APP\views\sheets\show_html.ctp, line 112]
2009-11-23 15:43:08 Debug: Notice (8): Undefined index:  Station in [APP\views\sheets\show_html.ctp, line 106]
2009-11-23 15:43:08 Debug: Notice (8): Undefined index:  stations in [APP\views\sheets\show_html.ctp, line 106]
2009-11-23 15:43:08 Debug: Notice (8): Undefined index:  pass in [APP\views\sheets\show_html.ctp, line 110]
2009-11-23 15:43:08 Debug: Notice (8): Undefined index:  stations in [APP\views\sheets\show_html.ctp, line 113]
2009-11-23 15:43:48 Debug: Notice (8): Undefined index:  stations in [APP\views\sheets\show_html.ctp, line 106]
2009-11-23 15:43:48 Debug: Notice (8): Undefined index:  pass in [APP\views\sheets\show_html.ctp, line 110]
2009-11-23 15:43:48 Debug: Notice (8): Undefined index:  stations in [APP\views\sheets\show_html.ctp, line 113]
2009-11-23 15:44:01 Debug: Notice (8): Undefined index:  stations in [APP\views\sheets\show_html.ctp, line 106]
2009-11-23 15:44:01 Debug: Notice (8): Undefined index:  pass in [APP\views\sheets\show_html.ctp, line 110]
2009-11-23 15:44:01 Debug: Notice (8): Undefined index:  stations in [APP\views\sheets\show_html.ctp, line 113]
2009-11-23 15:44:41 Debug: Notice (8): Undefined index:  pass in [APP\views\sheets\show_html.ctp, line 110]
2009-11-23 15:44:41 Debug: Notice (8): Undefined index:  stations in [APP\views\sheets\show_html.ctp, line 113]
2009-11-23 16:29:16 Debug: Notice (8): Undefined index:  stations in [APP\views\sheets\show_html.ctp, line 116]
2009-11-23 16:29:33 Debug: Notice (8): Undefined index:  stations in [APP\views\sheets\show_html.ctp, line 116]
2009-11-23 16:30:17 Debug: Notice (8): Undefined index:  stations in [APP\views\sheets\show_html.ctp, line 117]
2009-11-23 16:30:32 Debug: Notice (8): Undefined index:  stations in [APP\views\sheets\show_html.ctp, line 117]
2009-11-23 16:30:33 Debug: Notice (8): Undefined variable: view_mode in [APP\controllers\sheets_controller.php, line 76]
2009-11-23 16:30:36 Debug: Notice (8): Undefined variable: view_mode in [APP\controllers\sheets_controller.php, line 76]
2009-11-23 16:31:13 Debug: Notice (8): Undefined index:  stations in [APP\views\sheets\show_html.ctp, line 117]
2009-11-23 16:35:45 Debug: Notice (8): Undefined index:  stations in [APP\views\sheets\show_html.ctp, line 121]
2009-11-23 16:35:46 Debug: Notice (8): Undefined variable: view_mode in [APP\controllers\sheets_controller.php, line 76]
2009-11-23 16:35:47 Debug: Notice (8): Undefined variable: view_mode in [APP\controllers\sheets_controller.php, line 76]
2009-11-23 16:50:25 Debug: Notice (8): Undefined index:  stations in [APP\views\sheets\show_html.ctp, line 123]
2009-11-23 16:50:37 Debug: Notice (8): Undefined index:  stations in [APP\views\sheets\show_html.ctp, line 123]
2009-11-23 16:50:46 Debug: Notice (8): Undefined index:  stations in [APP\views\sheets\show_html.ctp, line 123]
2009-11-23 16:51:01 Debug: Notice (8): Undefined index:  stations in [APP\views\sheets\show_html.ctp, line 123]
2009-11-23 17:13:42 Debug: Notice (8): Undefined variable: sheet_data in [APP\views\sheets\show_html.ctp, line 59]
2009-11-23 17:13:42 Debug: Notice (8): Undefined variable: sheet_data in [APP\views\sheets\show_html.ctp, line 68]
2009-11-23 17:13:43 Debug: Notice (8): Undefined variable: view_mode in [APP\controllers\sheets_controller.php, line 76]
2009-11-23 17:13:46 Debug: Notice (8): Undefined variable: view_mode in [APP\controllers\sheets_controller.php, line 76]
2009-11-23 17:13:48 Debug: Notice (8): Undefined variable: sheet_data in [APP\views\sheets\show_html.ctp, line 59]
2009-11-23 17:13:48 Debug: Notice (8): Undefined variable: sheet_data in [APP\views\sheets\show_html.ctp, line 68]
2009-11-23 17:13:49 Debug: Notice (8): Undefined variable: view_mode in [APP\controllers\sheets_controller.php, line 76]
2009-11-23 17:13:52 Debug: Notice (8): Undefined variable: view_mode in [APP\controllers\sheets_controller.php, line 76]
2009-11-23 17:13:53 Debug: Notice (8): Undefined variable: view_mode in [APP\controllers\sheets_controller.php, line 76]
2009-11-23 17:13:54 Debug: Notice (8): Undefined variable: view_mode in [APP\controllers\sheets_controller.php, line 76]
2009-11-23 17:13:58 Debug: Notice (8): Undefined variable: view_mode in [APP\controllers\sheets_controller.php, line 76]
2009-11-23 17:14:00 Debug: Notice (8): Undefined variable: view_mode in [APP\controllers\sheets_controller.php, line 76]
2009-11-23 17:14:02 Debug: Notice (8): Undefined variable: view_mode in [APP\controllers\sheets_controller.php, line 76]
2009-11-23 17:14:04 Debug: Notice (8): Undefined variable: sheet_data in [APP\views\sheets\show_html.ctp, line 59]
2009-11-23 17:14:04 Debug: Notice (8): Undefined variable: sheet_data in [APP\views\sheets\show_html.ctp, line 68]
2009-11-23 17:14:05 Debug: Notice (8): Undefined variable: view_mode in [APP\controllers\sheets_controller.php, line 76]
2009-11-23 17:14:48 Debug: Notice (8): Undefined variable: sheet_data in [APP\views\sheets\show_html.ctp, line 68]
2009-11-23 17:15:08 Debug: Notice (8): Undefined variable: sheet_data in [APP\views\sheets\show_html.ctp, line 69]
2009-11-23 17:16:44 Debug: Notice (8): Undefined variable: sheet_data in [APP\views\sheets\show_html.ctp, line 69]
2009-11-23 17:17:47 Debug: Notice (8): Undefined variable: sheet_data in [APP\views\sheets\show_html.ctp, line 69]
2009-11-23 17:17:59 Debug: Notice (8): Undefined variable: sheet_data in [APP\views\sheets\show_html.ctp, line 69]
2009-11-23 17:18:01 Debug: Notice (8): Undefined variable: sheet_data in [APP\views\sheets\show_html.ctp, line 69]
2009-11-23 17:18:14 Debug: Notice (8): Undefined variable: sheet_data in [APP\views\sheets\show_html.ctp, line 69]
2009-11-23 17:18:53 Debug: Notice (8): Undefined variable: sheet_data in [APP\views\sheets\show_html.ctp, line 69]
2009-11-23 18:29:36 Debug: Notice (8): Undefined variable: out in [APP\models\Train.php, line 45]
2009-11-23 19:06:47 Debug: Notice (8): Undefined variable: view_mode in [APP\controllers\sheets_controller.php, line 80]
2009-11-23 19:06:49 Debug: Notice (8): Undefined variable: view_mode in [APP\controllers\sheets_controller.php, line 80]
2009-11-23 19:30:48 Debug: Notice (8): Undefined offset:  0 in [APP\models\Parcer.php, line 10]
2009-11-23 19:30:48 Debug: Notice (8): Undefined variable: stations in [APP\models\Parcer.php, line 22]
2009-11-23 19:30:48 Debug: Notice (8): Undefined variable: station_codes in [APP\models\Station.php, line 18]
2009-11-23 19:30:48 Debug: Notice (8): Undefined variable: results in [APP\models\Station.php, line 37]
2009-11-23 19:30:51 Debug: Notice (8): Undefined offset:  0 in [APP\models\Parcer.php, line 10]
2009-11-23 19:30:51 Debug: Notice (8): Undefined variable: stations in [APP\models\Parcer.php, line 22]
2009-11-23 19:30:51 Debug: Notice (8): Undefined variable: station_codes in [APP\models\Station.php, line 18]
2009-11-23 19:30:51 Debug: Notice (8): Undefined variable: results in [APP\models\Station.php, line 37]
2009-11-23 19:32:53 Debug: Notice (8): unserialize() [<a href='http://php.net/function.unserialize'>function.unserialize</a>]: Error at offset 128 of 57300 bytes in [APP\controllers\sheets_controller.php, line 63]
2009-11-23 19:32:53 Debug: Notice (8): Undefined variable: sheet_data in [APP\views\sheets\show_html.ctp, line 66]
2009-11-23 19:34:05 Debug: Notice (8): Undefined variable: view_mode in [APP\controllers\sheets_controller.php, line 80]
2009-11-23 19:34:08 Debug: Notice (8): Undefined variable: view_mode in [APP\controllers\sheets_controller.php, line 80]
2009-11-23 19:35:11 Debug: Notice (8): Undefined variable: view_mode in [APP\controllers\sheets_controller.php, line 80]
2009-11-23 19:35:14 Debug: Notice (8): Undefined variable: view_mode in [APP\controllers\sheets_controller.php, line 80]
2009-11-23 19:35:29 Debug: Notice (8): Undefined variable: out in [APP\models\Train.php, line 45]
2009-11-23 19:43:01 Debug: Notice (8): Undefined variable: view_mode in [APP\controllers\sheets_controller.php, line 80]
2009-11-23 19:43:04 Debug: Notice (8): Undefined variable: view_mode in [APP\controllers\sheets_controller.php, line 80]
2009-11-23 19:47:16 Debug: Notice (8): Undefined property:  SheetsController::$sheet in [APP\controllers\sheets_controller.php, line 86]
2009-11-23 19:51:00 Debug: Notice (8): Undefined variable: paginator in [APP\views\sheets\admin_editsheet.ctp, line 4]
2009-11-23 20:52:32 Debug: Notice (8): Undefined index:  id in [APP\views\sheets\admin_editsheet.ctp, line 12]
2009-11-23 21:26:35 Debug: Notice (8): Undefined variable: empty in [APP\controllers\sheets_controller.php, line 90]
2009-11-23 23:21:52 Debug: Notice (8): Array to string conversion in [APP\controllers\sheets_controller.php, line 101]
2009-11-23 23:21:52 Debug: Notice (8): Undefined property:  SheetsController::$Array in [APP\controllers\sheets_controller.php, line 101]
2009-11-23 23:22:45 Debug: Notice (8): Array to string conversion in [APP\controllers\sheets_controller.php, line 103]
2009-11-23 23:22:45 Debug: Notice (8): Undefined property:  SheetsController::$Array in [APP\controllers\sheets_controller.php, line 103]
2009-11-24 01:32:02 Debug: Notice (8): Undefined property:  SheetsController::$SheetsStations in [APP\controllers\sheets_controller.php, line 112]
2009-11-24 01:36:18 Debug: Notice (8): Undefined property:  SheetsController::$SheetsStations in [APP\controllers\sheets_controller.php, line 113]
2009-11-24 01:58:41 Debug: Notice (8): Undefined variable: Stations in [APP\views\sheets\admin_editsheet.ctp, line 48]
2009-11-24 02:09:44 Debug: Notice (8): Undefined index:  SheetsStation in [APP\controllers\sheets_controller.php, line 121]
2009-11-24 02:10:20 Debug: Notice (8): Undefined index:  SheetsStation in [APP\controllers\sheets_controller.php, line 121]
2009-11-24 02:17:45 Debug: Notice (8): Array to string conversion in [CORE\cake\libs\model\datasources\dbo_source.php, line 582]
2009-11-24 02:36:43 Debug: Notice (8): unserialize() [<a href='http://php.net/function.unserialize'>function.unserialize</a>]: Error at offset 65532 of 65535 bytes in [APP\controllers\sheets_controller.php, line 63]
2009-11-24 02:36:43 Debug: Notice (8): Undefined variable: sheet_data in [APP\views\sheets\show_html.ctp, line 66]
2009-11-24 02:36:44 Debug: Notice (8): unserialize() [<a href='http://php.net/function.unserialize'>function.unserialize</a>]: Error at offset 65532 of 65535 bytes in [APP\controllers\sheets_controller.php, line 63]
2009-11-24 02:36:44 Debug: Notice (8): Undefined variable: view_mode in [APP\controllers\sheets_controller.php, line 80]
2009-11-24 02:36:46 Debug: Notice (8): unserialize() [<a href='http://php.net/function.unserialize'>function.unserialize</a>]: Error at offset 65532 of 65535 bytes in [APP\controllers\sheets_controller.php, line 63]
2009-11-24 02:36:47 Debug: Notice (8): Undefined variable: view_mode in [APP\controllers\sheets_controller.php, line 80]
2009-11-24 02:36:48 Debug: Notice (8): unserialize() [<a href='http://php.net/function.unserialize'>function.unserialize</a>]: Error at offset 65532 of 65535 bytes in [APP\controllers\sheets_controller.php, line 63]
2009-11-24 02:36:48 Debug: Notice (8): Undefined variable: sheet_data in [APP\views\sheets\show_html.ctp, line 66]
2009-11-24 02:36:49 Debug: Notice (8): unserialize() [<a href='http://php.net/function.unserialize'>function.unserialize</a>]: Error at offset 65532 of 65535 bytes in [APP\controllers\sheets_controller.php, line 63]
2009-11-24 02:36:49 Debug: Notice (8): Undefined variable: view_mode in [APP\controllers\sheets_controller.php, line 80]
2009-11-24 02:36:51 Debug: Notice (8): unserialize() [<a href='http://php.net/function.unserialize'>function.unserialize</a>]: Error at offset 65532 of 65535 bytes in [APP\controllers\sheets_controller.php, line 63]
2009-11-24 02:36:51 Debug: Notice (8): Undefined variable: sheet_data in [APP\views\sheets\show_html.ctp, line 66]
2009-11-24 02:36:52 Debug: Notice (8): unserialize() [<a href='http://php.net/function.unserialize'>function.unserialize</a>]: Error at offset 65532 of 65535 bytes in [APP\controllers\sheets_controller.php, line 63]
2009-11-24 02:36:52 Debug: Notice (8): Undefined variable: view_mode in [APP\controllers\sheets_controller.php, line 80]
2009-11-24 02:45:32 Debug: Notice (8): unserialize() [<a href='http://php.net/function.unserialize'>function.unserialize</a>]: Error at offset 128 of 2834 bytes in [APP\controllers\sheets_controller.php, line 63]
2009-11-24 02:45:32 Debug: Notice (8): Undefined variable: sheet_data in [APP\views\sheets\show_html.ctp, line 66]
2009-11-24 02:45:36 Debug: Notice (8): unserialize() [<a href='http://php.net/function.unserialize'>function.unserialize</a>]: Error at offset 128 of 2834 bytes in [APP\controllers\sheets_controller.php, line 63]
2009-11-24 02:45:36 Debug: Notice (8): Undefined variable: sheet_data in [APP\views\sheets\show_html.ctp, line 66]
2009-11-24 02:45:37 Debug: Notice (8): unserialize() [<a href='http://php.net/function.unserialize'>function.unserialize</a>]: Error at offset 128 of 2834 bytes in [APP\controllers\sheets_controller.php, line 63]
2009-11-24 02:45:37 Debug: Notice (8): Undefined variable: view_mode in [APP\controllers\sheets_controller.php, line 80]
2009-11-24 02:45:39 Debug: Notice (8): unserialize() [<a href='http://php.net/function.unserialize'>function.unserialize</a>]: Error at offset 128 of 2834 bytes in [APP\controllers\sheets_controller.php, line 63]
2009-11-24 02:45:39 Debug: Notice (8): Undefined variable: sheet_data in [APP\views\sheets\show_html.ctp, line 66]
2009-11-24 02:45:40 Debug: Notice (8): unserialize() [<a href='http://php.net/function.unserialize'>function.unserialize</a>]: Error at offset 128 of 2834 bytes in [APP\controllers\sheets_controller.php, line 63]
2009-11-24 02:45:40 Debug: Notice (8): Undefined variable: view_mode in [APP\controllers\sheets_controller.php, line 80]
2009-11-24 02:47:17 Debug: Notice (8): Undefined variable: sheet_data in [APP\views\sheets\show_html.ctp, line 66]
2009-11-24 02:47:18 Debug: Notice (8): Undefined variable: view_mode in [APP\controllers\sheets_controller.php, line 80]
2009-11-24 02:47:21 Debug: Notice (8): Undefined variable: view_mode in [APP\controllers\sheets_controller.php, line 80]
2009-11-24 02:48:03 Debug: Notice (8): Undefined variable: sheet_data in [APP\views\sheets\show_html.ctp, line 66]
2009-11-24 02:48:17 Debug: Notice (8): Undefined variable: sheet_data in [APP\views\sheets\show_html.ctp, line 66]
2009-11-24 12:23:32 Debug: Notice (8): Undefined variable: sheet_data in [APP\views\sheets\show_html.ctp, line 66]
2009-11-24 12:23:33 Debug: Notice (8): Undefined variable: view_mode in [APP\controllers\sheets_controller.php, line 82]
2009-11-24 12:23:34 Debug: Notice (8): Undefined variable: view_mode in [APP\controllers\sheets_controller.php, line 82]
2009-11-24 12:24:30 Debug: Notice (8): Undefined variable: sheet_data in [APP\views\sheets\show_html.ctp, line 66]
2009-11-24 12:25:22 Debug: Notice (8): Undefined variable: sheet_data in [APP\views\sheets\show_html.ctp, line 66]
2009-11-24 12:26:17 Debug: Notice (8): unserialize() [<a href='http://php.net/function.unserialize'>function.unserialize</a>]: Error at offset 0 of 65535 bytes in [APP\controllers\sheets_controller.php, line 65]
2009-11-24 12:26:17 Debug: Notice (8): Undefined variable: sheet_data in [APP\views\sheets\show_html.ctp, line 66]
2009-11-24 12:26:22 Debug: Notice (8): unserialize() [<a href='http://php.net/function.unserialize'>function.unserialize</a>]: Error at offset 65532 of 65535 bytes in [APP\controllers\sheets_controller.php, line 65]
2009-11-24 12:26:22 Debug: Notice (8): Undefined variable: sheet_data in [APP\views\sheets\show_html.ctp, line 66]
2009-11-24 12:26:23 Debug: Notice (8): unserialize() [<a href='http://php.net/function.unserialize'>function.unserialize</a>]: Error at offset 65532 of 65535 bytes in [APP\controllers\sheets_controller.php, line 65]
2009-11-24 12:26:23 Debug: Notice (8): Undefined variable: view_mode in [APP\controllers\sheets_controller.php, line 84]
2009-11-24 12:26:26 Debug: Notice (8): unserialize() [<a href='http://php.net/function.unserialize'>function.unserialize</a>]: Error at offset 65532 of 65535 bytes in [APP\controllers\sheets_controller.php, line 65]
2009-11-24 12:26:26 Debug: Notice (8): Undefined variable: view_mode in [APP\controllers\sheets_controller.php, line 84]
2009-11-24 12:49:42 Debug: Notice (8): unserialize() [<a href='http://php.net/function.unserialize'>function.unserialize</a>]: Error at offset 65532 of 65535 bytes in [APP\controllers\sheets_controller.php, line 71]
2009-11-24 12:49:42 Debug: Notice (8): Undefined variable: sheet_data in [APP\views\sheets\show_html.ctp, line 66]
2009-11-24 12:51:38 Debug: Notice (8): unserialize() [<a href='http://php.net/function.unserialize'>function.unserialize</a>]: Error at offset 65532 of 65535 bytes in [APP\controllers\sheets_controller.php, line 78]
2009-11-24 12:51:38 Debug: Notice (8): Undefined variable: sheet_data in [APP\views\sheets\show_html.ctp, line 66]
2009-11-24 12:52:06 Debug: Notice (8): unserialize() [<a href='http://php.net/function.unserialize'>function.unserialize</a>]: Error at offset 65532 of 65535 bytes in [APP\controllers\sheets_controller.php, line 78]
2009-11-24 12:52:06 Debug: Notice (8): Undefined variable: sheet_data in [APP\views\sheets\show_html.ctp, line 66]
2009-11-24 12:53:10 Debug: Notice (8): unserialize() [<a href='http://php.net/function.unserialize'>function.unserialize</a>]: Error at offset 65532 of 65535 bytes in [APP\controllers\sheets_controller.php, line 78]
2009-11-24 12:53:10 Debug: Notice (8): Undefined variable: sheet_data in [APP\views\sheets\show_html.ctp, line 66]
2009-11-24 12:56:58 Debug: Notice (8): Undefined variable: view_mode in [APP\controllers\sheets_controller.php, line 97]
2009-11-24 13:11:53 Debug: Notice (8): Undefined property:  SheetsController::$Sheets in [APP\controllers\sheets_controller.php, line 36]
2009-11-24 13:30:20 Debug: Notice (8): Undefined index:  Sheet in [APP\views\sheets\admin_editsheet.ctp, line 67]
2009-11-24 13:39:50 Debug: Notice (8): Undefined index:  ord in [APP\controllers\sheets_controller.php, line 159]
2009-11-24 13:40:03 Debug: Notice (8): Undefined index:  ord in [APP\controllers\sheets_controller.php, line 159]
2009-11-24 13:43:41 Debug: Notice (8): Undefined variable: iterator in [APP\controllers\sheets_controller.php, line 160]
2009-11-24 13:50:06 Debug: Notice (8): Undefined variable: view_mode in [APP\controllers\sheets_controller.php, line 88]
2009-11-24 13:50:08 Debug: Notice (8): Undefined variable: view_mode in [APP\controllers\sheets_controller.php, line 88]
2009-11-24 23:23:48 Debug: Notice (8): Undefined property:  ParcesetsController::$Parcesets in [APP\controllers\parcesets_controller.php, line 17]
2009-11-24 23:24:07 Debug: Notice (8): Undefined property:  ParcesetsController::$Parcesets in [APP\controllers\parcesets_controller.php, line 18]
2009-11-24 23:24:16 Debug: Notice (8): Array to string conversion in [APP\controllers\parcesets_controller.php, line 22]
2009-11-24 23:25:05 Debug: Notice (8): Array to string conversion in [APP\controllers\parcesets_controller.php, line 24]
2009-11-24 23:25:25 Debug: Notice (8): Array to string conversion in [APP\controllers\parcesets_controller.php, line 25]
2009-11-25 00:06:00 Debug: Notice (8): Undefined index:  Sheet in [APP\views\parcesets\admin_index.ctp, line 19]
2009-11-25 00:19:15 Debug: Notice (8): Undefined property:  ParcesetsController::$SheetsStation in [APP\controllers\parcesets_controller.php, line 61]
2009-11-25 00:25:41 Debug: Notice (8): Undefined property:  ParcesetsController::$ParcesetStation in [APP\controllers\parcesets_controller.php, line 62]
2009-11-25 00:26:01 Debug: Notice (8): Undefined property:  ParcesetsController::$ParcesetStation in [APP\controllers\parcesets_controller.php, line 62]
2009-11-25 00:31:34 Debug: Notice (8): Undefined variable: parceset_id in [APP\controllers\show_controller.php, line 25]
2009-11-25 00:32:04 Debug: Notice (8): Undefined variable: parceset_id in [APP\controllers\show_controller.php, line 25]
2009-11-25 00:51:39 Debug: Notice (8): Undefined index:  id in [APP\models\Parcer.php, line 64]
2009-11-25 00:52:12 Debug: Notice (8): Undefined index:  id in [APP\models\Parcer.php, line 64]
2009-11-25 00:54:29 Debug: Notice (8): Undefined index:  Station in [APP\models\Parcer.php, line 77]
2009-11-25 00:54:29 Debug: Notice (8): Undefined index:  Station in [APP\models\Pager.php, line 19]
2009-11-25 00:54:29 Debug: Notice (8): Undefined index:  Station in [APP\models\Parcer.php, line 82]
2009-11-25 00:54:29 Debug: Notice (8): Undefined offset:  0 in [APP\models\Parcer.php, line 96]
2009-11-25 00:54:29 Debug: Notice (8): Undefined variable: trains in [APP\models\Parcer.php, line 114]
2009-11-25 00:54:29 Debug: Notice (8): Undefined variable: out in [APP\models\Train.php, line 45]
2009-11-25 00:54:30 Debug: Notice (8): Undefined index:  Station in [APP\models\Parcer.php, line 77]
2009-11-25 00:54:30 Debug: Notice (8): Undefined index:  Station in [APP\models\Pager.php, line 19]
2009-11-25 00:54:30 Debug: Notice (8): Undefined index:  Station in [APP\models\Parcer.php, line 82]
2009-11-25 00:54:30 Debug: Notice (8): Undefined offset:  0 in [APP\models\Parcer.php, line 96]
2009-11-25 00:54:30 Debug: Notice (8): Undefined variable: trains in [APP\models\Parcer.php, line 114]
2009-11-25 00:54:33 Debug: Notice (8): Undefined index:  Station in [APP\models\Parcer.php, line 77]
2009-11-25 00:54:33 Debug: Notice (8): Undefined index:  Station in [APP\models\Pager.php, line 19]
2009-11-25 00:54:33 Debug: Notice (8): Undefined index:  Station in [APP\models\Parcer.php, line 82]
2009-11-25 00:54:33 Debug: Notice (8): Undefined offset:  0 in [APP\models\Parcer.php, line 96]
2009-11-25 00:54:33 Debug: Notice (8): Undefined variable: trains in [APP\models\Parcer.php, line 114]
2009-11-25 00:54:33 Debug: Notice (8): Undefined variable: out in [APP\models\Train.php, line 45]
2009-11-25 00:55:06 Debug: Notice (8): Undefined index:  Station in [APP\models\Parcer.php, line 78]
2009-11-25 00:55:06 Debug: Notice (8): Undefined index:  Station in [APP\models\Pager.php, line 19]
2009-11-25 00:55:06 Debug: Notice (8): Undefined index:  Station in [APP\models\Parcer.php, line 83]
2009-11-25 00:55:06 Debug: Notice (8): Undefined offset:  0 in [APP\models\Parcer.php, line 97]
2009-11-25 00:55:06 Debug: Notice (8): Undefined variable: trains in [APP\models\Parcer.php, line 115]
2009-11-25 00:55:06 Debug: Notice (8): Undefined variable: out in [APP\models\Train.php, line 45]
2009-11-25 00:55:15 Debug: Notice (8): Undefined index:  Station in [APP\models\Parcer.php, line 78]
2009-11-25 00:55:15 Debug: Notice (8): Undefined index:  Station in [APP\models\Pager.php, line 19]
2009-11-25 00:55:15 Debug: Notice (8): Undefined index:  Station in [APP\models\Parcer.php, line 83]
2009-11-25 00:55:15 Debug: Notice (8): Undefined offset:  0 in [APP\models\Parcer.php, line 97]
2009-11-25 00:55:15 Debug: Notice (8): Undefined variable: trains in [APP\models\Parcer.php, line 115]
2009-11-25 00:55:15 Debug: Notice (8): Undefined variable: out in [APP\models\Train.php, line 45]
2009-11-25 00:56:20 Debug: Notice (8): Undefined index:  ext_code in [APP\models\Pager.php, line 19]
2009-11-25 00:56:20 Debug: Notice (8): Undefined offset:  0 in [APP\models\Parcer.php, line 97]
2009-11-25 00:56:20 Debug: Notice (8): Undefined variable: trains in [APP\models\Parcer.php, line 115]
2009-11-25 00:56:20 Debug: Notice (8): Undefined variable: out in [APP\models\Train.php, line 45]
2009-11-25 00:57:40 Debug: Notice (8): Undefined offset:  0 in [APP\models\Parcer.php, line 98]
2009-11-25 00:57:40 Debug: Notice (8): Undefined variable: trains in [APP\models\Parcer.php, line 116]
2009-11-25 00:57:40 Debug: Notice (8): Undefined variable: out in [APP\models\Train.php, line 45]
2009-11-25 00:57:56 Debug: Notice (8): Undefined offset:  0 in [APP\models\Parcer.php, line 98]
2009-11-25 00:57:56 Debug: Notice (8): Undefined variable: trains in [APP\models\Parcer.php, line 116]
2009-11-25 00:57:56 Debug: Notice (8): Undefined variable: out in [APP\models\Train.php, line 45]
2009-11-25 00:59:47 Debug: Notice (8): Undefined offset:  0 in [APP\models\Parcer.php, line 98]
2009-11-25 00:59:47 Debug: Notice (8): Undefined variable: trains in [APP\models\Parcer.php, line 116]
2009-11-25 00:59:47 Debug: Notice (8): Undefined variable: out in [APP\models\Train.php, line 45]
2009-11-25 01:00:04 Debug: Notice (8): Undefined variable: out in [APP\models\Train.php, line 45]
2009-11-25 01:01:50 Debug: Notice (8): Undefined variable: view_mode in [APP\controllers\sheets_controller.php, line 88]
2009-11-25 01:01:53 Debug: Notice (8): Undefined variable: view_mode in [APP\controllers\sheets_controller.php, line 88]
2009-11-25 02:16:50 Debug: Notice (8): Undefined variable: view_mode in [APP\controllers\sheets_controller.php, line 88]
2009-11-25 02:39:19 Debug: Notice (8): Constant APP_DIR already defined in [CORE\index.php, line 31]
2009-11-25 02:39:19 Debug: Notice (8): Constant DS already defined in [CORE\index.php, line 32]
2009-11-25 02:39:19 Debug: Notice (8): Constant ROOT already defined in [CORE\index.php, line 33]
2009-11-25 02:39:19 Debug: Notice (8): Constant WEBROOT_DIR already defined in [CORE\index.php, line 34]
2009-11-25 02:39:19 Debug: Notice (8): Constant WWW_ROOT already defined in [CORE\index.php, line 35]
2009-11-25 02:39:19 Debug: Notice (8): Constant APP_PATH already defined in [CORE\index.php, line 46]
2009-11-25 02:39:19 Debug: Notice (8): Constant CORE_PATH already defined in [CORE\index.php, line 47]
2009-11-25 02:54:25 Debug: Notice (8): Undefined property:  TCPDF::$Ln in [APP\controllers\sheets_controller.php, line 123]
2009-11-25 03:02:35 Debug: Notice (8): Undefined index:  roadnumber in [APP\controllers\sheets_controller.php, line 125]
2009-11-25 03:11:24 Debug: Notice (8): Undefined offset:  0 in [APP\models\Parcer.php, line 10]
2009-11-25 03:11:24 Debug: Notice (8): Undefined variable: stations in [APP\models\Parcer.php, line 22]
2009-11-25 03:11:24 Debug: Notice (8): Undefined variable: station_codes in [APP\models\Station.php, line 18]
2009-11-25 03:11:27 Debug: Notice (8): Undefined offset:  0 in [APP\models\Parcer.php, line 10]
2009-11-25 03:11:27 Debug: Notice (8): Undefined variable: stations in [APP\models\Parcer.php, line 22]
2009-11-25 03:11:27 Debug: Notice (8): Undefined variable: station_codes in [APP\models\Station.php, line 18]
2009-11-25 03:11:27 Debug: Notice (8): Undefined variable: results in [APP\models\Station.php, line 37]
2009-11-25 03:15:26 Debug: Notice (8): Undefined offset:  0 in [APP\models\Parcer.php, line 98]
2009-11-25 03:15:26 Debug: Notice (8): Undefined variable: trains in [APP\models\Parcer.php, line 116]
2009-11-25 03:15:26 Debug: Notice (8): Undefined variable: out in [APP\models\Train.php, line 45]
2009-11-25 03:15:27 Debug: Notice (8): Undefined offset:  0 in [APP\models\Parcer.php, line 98]
2009-11-25 03:15:27 Debug: Notice (8): Undefined variable: trains in [APP\models\Parcer.php, line 116]
2009-11-25 03:15:27 Debug: Notice (8): Undefined variable: out in [APP\models\Train.php, line 45]
2009-11-25 03:15:30 Debug: Notice (8): Undefined offset:  0 in [APP\models\Parcer.php, line 98]
2009-11-25 03:15:30 Debug: Notice (8): Undefined variable: trains in [APP\models\Parcer.php, line 116]
2009-11-25 03:15:30 Debug: Notice (8): Undefined variable: out in [APP\models\Train.php, line 45]
2009-11-25 03:15:47 Debug: Notice (8): Undefined variable: out in [APP\models\Train.php, line 45]
2009-11-25 03:26:00 Debug: Notice (8): Undefined variable: view_mode in [APP\controllers\sheets_controller.php, line 92]
2009-11-25 03:26:01 Debug: Notice (8): Undefined variable: view_mode in [APP\controllers\sheets_controller.php, line 92]
2009-11-25 12:51:58 Debug: Notice (8): Undefined variable: paginator in [APP\views\sheets\showlist.ctp, line 4]
2009-11-25 12:52:13 Debug: Notice (8): Undefined variable: paginator in [APP\views\sheets\showlist.ctp, line 4]
2009-11-25 12:53:15 Debug: Notice (8): Undefined variable: view_mode in [APP\controllers\sheets_controller.php, line 103]
2009-11-25 12:53:18 Debug: Notice (8): Undefined variable: view_mode in [APP\controllers\sheets_controller.php, line 103]
2009-11-25 13:01:16 Debug: Notice (8): Undefined variable: stations in [APP\controllers\sheets_controller.php, line 169]
2009-11-25 13:39:25 Debug: Notice (8): Undefined variable: view_mode in [APP\controllers\sheets_controller.php, line 104]
2009-11-25 13:39:28 Debug: Notice (8): Undefined variable: view_mode in [APP\controllers\sheets_controller.php, line 104]
2009-11-25 14:47:41 Debug: Notice (8): Undefined variable: remarks in [APP\controllers\sheets_controller.php, line 213]
2009-11-25 14:53:36 Debug: Notice (8): Array to string conversion in [APP\controllers\sheets_controller.php, line 194]
2009-11-25 16:25:27 Debug: Notice (8): Undefined variable: sheet_id in [APP\controllers\sheets_controller.php, line 46]
2009-11-25 16:25:27 Debug: Notice (8): Undefined variable: sheet_id in [APP\controllers\sheets_controller.php, line 58]
2009-11-25 16:25:43 Debug: Notice (8): Undefined variable: view_mode in [APP\controllers\sheets_controller.php, line 104]
2009-11-25 16:25:44 Debug: Notice (8): Undefined variable: view_mode in [APP\controllers\sheets_controller.php, line 104]
2009-11-25 16:32:16 Debug: Notice (8): Undefined variable: sheet_data in [APP\views\sheets\show_html.ctp, line 66]
2009-11-25 16:32:17 Debug: Notice (8): Undefined variable: view_mode in [APP\controllers\sheets_controller.php, line 105]
2009-11-25 16:32:20 Debug: Notice (8): Undefined variable: view_mode in [APP\controllers\sheets_controller.php, line 105]
2009-11-25 16:32:20 Debug: Notice (8): Undefined variable: sheet_data in [APP\controllers\sheets_controller.php, line 186]
2009-11-25 16:32:37 Debug: Notice (8): Undefined variable: sheet_data in [APP\controllers\sheets_controller.php, line 186]
2009-11-25 16:32:42 Debug: Notice (8): Undefined variable: sheet_data in [APP\views\sheets\show_html.ctp, line 66]
2009-11-25 16:32:43 Debug: Notice (8): Undefined variable: view_mode in [APP\controllers\sheets_controller.php, line 105]
2009-11-25 16:32:46 Debug: Notice (8): Undefined variable: view_mode in [APP\controllers\sheets_controller.php, line 105]
2009-11-25 16:34:18 Debug: Notice (8): Undefined variable: view_mode in [APP\controllers\sheets_controller.php, line 105]
2009-11-25 16:34:21 Debug: Notice (8): Undefined variable: view_mode in [APP\controllers\sheets_controller.php, line 105]
2009-11-25 21:10:26 Debug: Notice (8): Undefined variable: sheet_id in [APP\controllers\sheets_controller.php, line 46]
2009-11-25 21:10:26 Debug: Notice (8): Undefined variable: sheet_id in [APP\controllers\sheets_controller.php, line 58]
2009-11-25 21:12:13 Debug: Notice (8): Undefined property:  SheetsController::$Sheets in [APP\controllers\sheets_controller.php, line 6]
2009-11-25 21:20:40 Debug: Notice (8): Undefined variable: sheet in [APP\views\sheets\index.ctp, line 5]
2009-11-25 21:20:40 Debug: Notice (8): Undefined index:  name in [APP\views\sheets\index.ctp, line 7]
2009-11-25 21:20:55 Debug: Notice (8): Undefined index:  name in [APP\views\sheets\index.ctp, line 7]
2009-11-25 21:34:47 Debug: Notice (8): Undefined variable: sheet_data in [APP\views\sheets\show_html.ctp, line 66]
2009-11-25 21:34:49 Debug: Notice (8): Undefined variable: view_mode in [APP\controllers\sheets_controller.php, line 99]
2009-11-25 21:34:50 Debug: Notice (8): Undefined variable: sheet_data in [APP\views\sheets\show_html.ctp, line 66]
2009-11-25 21:34:52 Debug: Notice (8): Undefined variable: view_mode in [APP\controllers\sheets_controller.php, line 99]
2009-11-25 21:34:52 Debug: Notice (8): Undefined variable: view_mode in [APP\controllers\sheets_controller.php, line 99]
2009-11-25 21:34:55 Debug: Notice (8): Undefined variable: view_mode in [APP\controllers\sheets_controller.php, line 99]
2009-11-25 21:34:56 Debug: Notice (8): Undefined variable: view_mode in [APP\controllers\sheets_controller.php, line 99]
2009-11-25 21:34:59 Debug: Notice (8): Undefined variable: view_mode in [APP\controllers\sheets_controller.php, line 99]
2009-11-25 22:24:54 Debug: Notice (8): Undefined index:  created in [APP\views\sheets\showlist.ctp, line 19]
2009-11-25 22:26:08 Debug: Notice (8): Undefined index:  created in [APP\views\sheets\showlist.ctp, line 19]
2009-11-25 22:32:41 Debug: Notice (8): Undefined index:  created in [APP\views\sheets\showlist.ctp, line 19]
2009-11-25 22:36:18 Debug: Notice (8): Undefined index:  created in [APP\views\sheets\showlist.ctp, line 19]
2009-11-25 22:36:18 Debug: Notice (8): Undefined index:  id in [APP\views\sheets\showlist.ctp, line 20]
2009-11-25 23:06:41 Debug: Notice (8): Undefined variable: view_mode in [APP\controllers\sheets_controller.php, line 100]
2009-11-25 23:06:43 Debug: Notice (8): Undefined variable: view_mode in [APP\controllers\sheets_controller.php, line 100]
2009-11-25 23:06:47 Debug: Notice (8): Undefined variable: sheet_data in [APP\views\sheets\show_html.ctp, line 66]
2009-11-25 23:06:52 Debug: Notice (8): Undefined variable: view_mode in [APP\controllers\sheets_controller.php, line 100]
2009-11-25 23:06:56 Debug: Notice (8): Undefined variable: view_mode in [APP\controllers\sheets_controller.php, line 100]
2009-11-26 00:10:01 Debug: Notice (8): Undefined variable: view_mode in [APP\controllers\sheets_controller.php, line 100]
2009-11-26 00:10:03 Debug: Notice (8): Undefined variable: sheet_data in [APP\views\sheets\show_html.ctp, line 66]
2009-11-26 00:10:04 Debug: Notice (8): Undefined variable: view_mode in [APP\controllers\sheets_controller.php, line 100]
2009-11-26 00:10:05 Debug: Notice (8): Undefined variable: view_mode in [APP\controllers\sheets_controller.php, line 100]
2009-11-26 00:10:08 Debug: Notice (8): Undefined variable: view_mode in [APP\controllers\sheets_controller.php, line 100]
2009-11-26 00:10:08 Debug: Notice (8): Undefined variable: sheet_data in [APP\views\sheets\show_html.ctp, line 66]
2009-11-26 00:10:33 Debug: Notice (8): Undefined variable: view_mode in [APP\controllers\sheets_controller.php, line 100]
2009-11-26 00:10:35 Debug: Notice (8): Undefined variable: view_mode in [APP\controllers\sheets_controller.php, line 100]
2009-11-27 01:32:21 Debug: Notice (8): Undefined property:  ShowController::$Validation in [APP\controllers\show_controller.php, line 15]
2009-11-27 01:35:10 Debug: Notice (8): Undefined variable: view_mode in [APP\controllers\sheets_controller.php, line 111]
2009-11-27 01:35:13 Debug: Notice (8): Undefined variable: view_mode in [APP\controllers\sheets_controller.php, line 111]
2009-11-27 01:40:14 Debug: Notice (8): Undefined offset:  0 in [APP\models\Parcer.php, line 10]
2009-11-27 01:40:14 Debug: Notice (8): Undefined variable: stations in [APP\models\Parcer.php, line 22]
2009-11-27 01:40:14 Debug: Notice (8): Undefined variable: station_codes in [APP\models\Station.php, line 18]
2009-11-27 01:40:14 Debug: Notice (8): Undefined variable: results in [APP\models\Station.php, line 37]
2009-11-27 01:40:17 Debug: Notice (8): Undefined offset:  0 in [APP\models\Parcer.php, line 10]
2009-11-27 01:40:17 Debug: Notice (8): Undefined variable: stations in [APP\models\Parcer.php, line 22]
2009-11-27 01:40:17 Debug: Notice (8): Undefined variable: station_codes in [APP\models\Station.php, line 18]
2009-11-27 01:40:17 Debug: Notice (8): Undefined variable: results in [APP\models\Station.php, line 37]
2009-11-27 01:41:39 Debug: Notice (8): Undefined offset:  0 in [APP\models\Parcer.php, line 10]
2009-11-27 01:41:39 Debug: Notice (8): Undefined variable: stations in [APP\models\Parcer.php, line 22]
2009-11-27 01:41:39 Debug: Notice (8): Undefined variable: station_codes in [APP\models\Station.php, line 18]
2009-11-27 01:41:39 Debug: Notice (8): Undefined variable: results in [APP\models\Station.php, line 37]
2009-11-27 01:43:11 Debug: Notice (8): Undefined offset:  0 in [APP\models\Parcer.php, line 10]
2009-11-27 01:43:11 Debug: Notice (8): Undefined variable: stations in [APP\models\Parcer.php, line 22]
2009-11-27 01:43:11 Debug: Notice (8): Undefined variable: station_codes in [APP\models\Station.php, line 18]
2009-11-27 01:43:11 Debug: Notice (8): Undefined variable: results in [APP\models\Station.php, line 37]
2009-11-28 14:09:43 Debug: Notice (8): Undefined variable: stations in [APP\models\Parcer.php, line 78]
2009-11-28 14:09:44 Debug: Notice (8): Undefined variable: stations in [APP\models\Parcer.php, line 78]
2009-11-28 14:09:47 Debug: Notice (8): Undefined variable: stations in [APP\models\Parcer.php, line 78]
2009-11-28 14:09:51 Debug: Notice (8): Undefined offset:  0 in [APP\models\Parcer.php, line 10]
2009-11-28 14:09:51 Debug: Notice (8): Undefined variable: stations in [APP\models\Parcer.php, line 22]
2009-11-28 14:09:51 Debug: Notice (8): Undefined variable: station_codes in [APP\models\Station.php, line 18]
2009-11-28 14:09:51 Debug: Notice (8): Undefined variable: results in [APP\models\Station.php, line 37]
2009-11-28 14:09:52 Debug: Notice (8): Undefined offset:  0 in [APP\models\Parcer.php, line 10]
2009-11-28 14:09:52 Debug: Notice (8): Undefined variable: stations in [APP\models\Parcer.php, line 22]
2009-11-28 14:09:52 Debug: Notice (8): Undefined variable: station_codes in [APP\models\Station.php, line 18]
2009-11-28 14:09:52 Debug: Notice (8): Undefined variable: results in [APP\models\Station.php, line 37]
2009-11-28 14:09:55 Debug: Notice (8): Undefined offset:  0 in [APP\models\Parcer.php, line 10]
2009-11-28 14:09:55 Debug: Notice (8): Undefined variable: stations in [APP\models\Parcer.php, line 22]
2009-11-28 14:09:55 Debug: Notice (8): Undefined variable: station_codes in [APP\models\Station.php, line 18]
2009-11-28 14:09:55 Debug: Notice (8): Undefined variable: results in [APP\models\Station.php, line 37]
2009-12-01 16:54:22 Debug: Notice (8): Undefined variable: stations in [APP\models\Parcer.php, line 78]
2009-12-01 16:54:24 Debug: Notice (8): Undefined variable: stations in [APP\models\Parcer.php, line 78]
2009-12-01 16:54:27 Debug: Notice (8): Undefined variable: stations in [APP\models\Parcer.php, line 78]
2009-12-01 16:54:28 Debug: Notice (8): Undefined variable: stations in [APP\models\Parcer.php, line 78]
2009-12-01 16:54:29 Debug: Notice (8): Undefined variable: stations in [APP\models\Parcer.php, line 78]
2009-12-01 16:54:32 Debug: Notice (8): Undefined variable: stations in [APP\models\Parcer.php, line 78]
2009-12-01 17:00:04 Debug: Notice (8): Undefined offset:  0 in [APP\models\Parcer.php, line 98]
2009-12-01 17:00:04 Debug: Notice (8): Undefined variable: trains in [APP\models\Parcer.php, line 116]
2009-12-01 17:00:04 Debug: Notice (8): Undefined variable: out in [APP\models\Train.php, line 45]
2009-12-01 17:00:15 Debug: Notice (8): Undefined variable: out in [APP\models\Train.php, line 45]
2009-12-01 17:07:27 Debug: Notice (8): Undefined variable: view_mode in [APP\controllers\sheets_controller.php, line 111]
2009-12-01 17:07:28 Debug: Notice (8): Undefined variable: view_mode in [APP\controllers\sheets_controller.php, line 111]
2009-12-01 17:49:59 Debug: Notice (8): Undefined index:  id in [APP\views\show\admin_calculates.ctp, line 13]
2009-12-01 17:49:59 Debug: Notice (8): Undefined index:  Created in [APP\views\show\admin_calculates.ctp, line 14]
2009-12-01 17:50:29 Debug: Notice (8): Undefined index:  Created in [APP\views\show\admin_calculates.ctp, line 14]
2009-12-01 17:50:49 Debug: Notice (8): Undefined index:  Created in [APP\views\show\admin_calculates.ctp, line 14]
2009-12-01 19:28:34 Debug: Notice (8): Undefined property:  SheetsController::$Calculaton in [APP\controllers\sheets_controller.php, line 365]
2009-12-01 19:28:49 Debug: Notice (8): Undefined property:  SheetsController::$Calculaton in [APP\controllers\sheets_controller.php, line 365]
2009-12-01 20:34:12 Debug: Notice (8): Undefined variable: view_mode in [APP\controllers\sheets_controller.php, line 111]
2009-12-01 20:34:13 Debug: Notice (8): Undefined variable: view_mode in [APP\controllers\sheets_controller.php, line 111]
2009-12-03 01:26:00 Debug: Notice (8): Undefined offset:  0 in [APP\models\Parcer.php, line 15]
2009-12-03 01:26:00 Debug: Notice (8): Undefined variable: stations in [APP\models\Parcer.php, line 27]
2009-12-03 01:26:00 Debug: Notice (8): Undefined variable: station_codes in [APP\models\Station.php, line 18]
2009-12-03 01:26:00 Debug: Notice (8): Undefined variable: results in [APP\models\Station.php, line 37]
2009-12-03 01:26:01 Debug: Notice (8): Undefined offset:  0 in [APP\models\Parcer.php, line 15]
2009-12-03 01:26:01 Debug: Notice (8): Undefined variable: stations in [APP\models\Parcer.php, line 27]
2009-12-03 01:26:01 Debug: Notice (8): Undefined variable: station_codes in [APP\models\Station.php, line 18]
2009-12-03 01:26:04 Debug: Notice (8): Undefined offset:  0 in [APP\models\Parcer.php, line 15]
2009-12-03 01:26:04 Debug: Notice (8): Undefined variable: stations in [APP\models\Parcer.php, line 27]
2009-12-03 01:26:04 Debug: Notice (8): Undefined variable: station_codes in [APP\models\Station.php, line 18]
2009-12-03 01:26:04 Debug: Notice (8): Undefined variable: results in [APP\models\Station.php, line 37]
